Determining if the pthread_create exist failed with the following output:
Change Dir: /home/xdf/catkin_ws/build/CMakeFiles/CMakeTmp

Run Build Command:"/usr/bin/make" "cmTC_123cc/fast"
/usr/bin/make -f CMakeFiles/cmTC_123cc.dir/build.make CMakeFiles/cmTC_123cc.dir/build
make[1]: Entering directory '/home/xdf/catkin_ws/build/CMakeFiles/CMakeTmp'
Building C object CMakeFiles/cmTC_123cc.dir/CheckSymbolExists.c.o
/usr/bin/cc     -o CMakeFiles/cmTC_123cc.dir/CheckSymbolExists.c.o   -c /home/xdf/catkin_ws/build/CMakeFiles/CMakeTmp/CheckSymbolExists.c
Linking C executable cmTC_123cc
/usr/local/bin/cmake -E cmake_link_script CMakeFiles/cmTC_123cc.dir/link.txt --verbose=1
/usr/bin/cc       CMakeFiles/cmTC_123cc.dir/CheckSymbolExists.c.o  -o cmTC_123cc -rdynamic 
CMakeFiles/cmTC_123cc.dir/CheckSymbolExists.c.o：在函数‘main’中：
CheckSymbolExists.c:(.text+0x16)：对‘pthread_create’未定义的引用
collect2: error: ld returned 1 exit status
CMakeFiles/cmTC_123cc.dir/build.make:97: recipe for target 'cmTC_123cc' failed
make[1]: *** [cmTC_123cc] Error 1
make[1]: Leaving directory '/home/xdf/catkin_ws/build/CMakeFiles/CMakeTmp'
Makefile:126: recipe for target 'cmTC_123cc/fast' failed
make: *** [cmTC_123cc/fast] Error 2

File /home/xdf/catkin_ws/build/CMakeFiles/CMakeTmp/CheckSymbolExists.c:
/* */
#include <pthread.h>

int main(int argc, char** argv)
{
  (void)argv;
#ifndef pthread_create
  return ((int*)(&pthread_create))[argc];
#else
  (void)argc;
  return 0;
#endif
}

Determining if the function pthread_create exists in the pthreads failed with the following output:
Change Dir: /home/xdf/catkin_ws/build/CMakeFiles/CMakeTmp

Run Build Command:"/usr/bin/make" "cmTC_124f0/fast"
/usr/bin/make -f CMakeFiles/cmTC_124f0.dir/build.make CMakeFiles/cmTC_124f0.dir/build
make[1]: Entering directory '/home/xdf/catkin_ws/build/CMakeFiles/CMakeTmp'
Building C object CMakeFiles/cmTC_124f0.dir/CheckFunctionExists.c.o
/usr/bin/cc    -DCHECK_FUNCTION_EXISTS=pthread_create   -o CMakeFiles/cmTC_124f0.dir/CheckFunctionExists.c.o   -c /usr/local/share/cmake-3.7/Modules/CheckFunctionExists.c
Linking C executable cmTC_124f0
/usr/local/bin/cmake -E cmake_link_script CMakeFiles/cmTC_124f0.dir/link.txt --verbose=1
/usr/bin/cc   -DCHECK_FUNCTION_EXISTS=pthread_create    CMakeFiles/cmTC_124f0.dir/CheckFunctionExists.c.o  -o cmTC_124f0 -rdynamic -lpthreads 
/usr/bin/ld: 找不到 -lpthreads
collect2: error: ld returned 1 exit status
CMakeFiles/cmTC_124f0.dir/build.make:97: recipe for target 'cmTC_124f0' failed
make[1]: *** [cmTC_124f0] Error 1
make[1]: Leaving directory '/home/xdf/catkin_ws/build/CMakeFiles/CMakeTmp'
Makefile:126: recipe for target 'cmTC_124f0/fast' failed
make: *** [cmTC_124f0/fast] Error 2


